This is pdfTeX, Version 3.141592653-2.6-1.40.26 (MiKTeX 24.4) (preloaded format=pdflatex 2024.5.26)  25 AUG 2024 21:36
entering extended mode
 restricted \write18 enabled.
 file:line:error style messages enabled.
 %&-line parsing enabled.
**"c:/Users/yuri9/Desktop/HTW journey/Semester 2/WissenArbeiten/Yahya/2020-wa-vorlage-latex/2020-wa-vorlage.tex"
(c:/Users/yuri9/Desktop/HTW journey/Semester 2/WissenArbeiten/Yahya/2020-wa-vorlage-latex/2020-wa-vorlage.tex
LaTeX2e <2023-11-01> patch level 1
L3 programming layer <2024-04-11>
(C:\Users\yuri9\AppData\Local\Programs\MiKTeX\tex/latex/koma-script\scrartcl.cls
Document Class: scrartcl 2023/07/07 v3.41 KOMA-Script document class (article)
(C:\Users\yuri9\AppData\Local\Programs\MiKTeX\tex/latex/koma-script\scrkbase.sty
Package: scrkbase 2023/07/07 v3.41 KOMA-Script package (KOMA-Script-dependent basics and keyval usage)
 (C:\Users\yuri9\AppData\Local\Programs\MiKTeX\tex/latex/koma-script\scrbase.sty
Package: scrbase 2023/07/07 v3.41 KOMA-Script package (KOMA-Script-independent basics and keyval usage)
 (C:\Users\yuri9\AppData\Local\Programs\MiKTeX\tex/latex/koma-script\scrlfile.sty
Package: scrlfile 2023/07/07 v3.41 KOMA-Script package (file load hooks)
 (C:\Users\yuri9\AppData\Local\Programs\MiKTeX\tex/latex/koma-script\scrlfile-hook.sty
Package: scrlfile-hook 2023/07/07 v3.41 KOMA-Script package (using LaTeX hooks)
 (C:\Users\yuri9\AppData\Local\Programs\MiKTeX\tex/latex/koma-script\scrlogo.sty
Package: scrlogo 2023/07/07 v3.41 KOMA-Script package (logo)
))) (C:\Users\yuri9\AppData\Local\Programs\MiKTeX\tex/latex/graphics\keyval.sty
Package: keyval 2022/05/29 v1.15 key=value parser (DPC)
\KV@toks@=\toks17
)
Applying: [2021/05/01] Usage of raw or classic option list on input line 252.
Already applied: [0000/00/00] Usage of raw or classic option list on input line 368.
)) (C:\Users\yuri9\AppData\Local\Programs\MiKTeX\tex/latex/koma-script\tocbasic.sty
Package: tocbasic 2023/07/07 v3.41 KOMA-Script package (handling toc-files)
\scr@dte@tocline@numberwidth=\skip48
\scr@dte@tocline@numbox=\box51
)
Package tocbasic Info: omitting babel extension for `toc'
(tocbasic)             because of feature `nobabel' available
(tocbasic)             for `toc' on input line 133.
Class scrartcl Info: File `scrsize12pt.clo' used to setup font sizes on input line 2441.
 (C:\Users\yuri9\AppData\Local\Programs\MiKTeX\tex/latex/koma-script\scrsize12pt.clo
File: scrsize12pt.clo 2023/07/07 v3.41 KOMA-Script font size class option (12pt)
) (C:\Users\yuri9\AppData\Local\Programs\MiKTeX\tex/latex/koma-script\typearea.sty
Package: typearea 2023/07/07 v3.41 KOMA-Script package (type area)
\ta@bcor=\skip49
\ta@div=\count189
\ta@hblk=\skip50
\ta@vblk=\skip51
\ta@temp=\skip52
\footheight=\skip53
Package typearea Info: These are the values describing the layout:
(typearea)             DIV  = 12
(typearea)             BCOR = 0.0pt
(typearea)             \paperwidth      = 597.50793pt
(typearea)              \textwidth      = 448.13095pt
(typearea)              DIV departure   = -6%
(typearea)              \evensidemargin = 2.4185pt
(typearea)              \oddsidemargin  = 2.4185pt
(typearea)             \paperheight     = 845.04694pt
(typearea)              \textheight     = 635.5pt
(typearea)              \topmargin      = -41.72441pt
(typearea)              \headheight     = 18.125pt
(typearea)              \headsep        = 21.75pt
(typearea)              \topskip        = 12.0pt
(typearea)              \footskip       = 50.75pt
(typearea)              \baselineskip   = 14.5pt
(typearea)              on input line 1799.
)
\c@part=\count190
\c@section=\count191
\c@subsection=\count192
\c@subsubsection=\count193
\c@paragraph=\count194
\c@subparagraph=\count195
\scr@dte@section@maxnumwidth=\skip54
Class scrartcl Info: using compatibility default `runin=bysign'
(scrartcl)           for `\section on input line 5082.
Class scrartcl Info: using compatibility default `afterindent=bysign'
(scrartcl)           for `\section on input line 5082.
\scr@dte@part@maxnumwidth=\skip55
Class scrartcl Info: using compatibility default `afterindent=false'
(scrartcl)           for `\part on input line 5090.
\scr@dte@subsection@maxnumwidth=\skip56
Class scrartcl Info: using compatibility default `runin=bysign'
(scrartcl)           for `\subsection on input line 5100.
Class scrartcl Info: using compatibility default `afterindent=bysign'
(scrartcl)           for `\subsection on input line 5100.
\scr@dte@subsubsection@maxnumwidth=\skip57
Class scrartcl Info: using compatibility default `runin=bysign'
(scrartcl)           for `\subsubsection on input line 5110.
Class scrartcl Info: using compatibility default `afterindent=bysign'
(scrartcl)           for `\subsubsection on input line 5110.
\scr@dte@paragraph@maxnumwidth=\skip58
Class scrartcl Info: using compatibility default `runin=bysign'
(scrartcl)           for `\paragraph on input line 5121.
Class scrartcl Info: using compatibility default `afterindent=bysign'
(scrartcl)           for `\paragraph on input line 5121.
\scr@dte@subparagraph@maxnumwidth=\skip59
Class scrartcl Info: using compatibility default `runin=bysign'
(scrartcl)           for `\subparagraph on input line 5131.
Class scrartcl Info: using compatibility default `afterindent=bysign'
(scrartcl)           for `\subparagraph on input line 5131.
\abovecaptionskip=\skip60
\belowcaptionskip=\skip61
\c@pti@nb@sid@b@x=\box52
Package tocbasic Info: omitting babel extension for `lof'
(tocbasic)             because of feature `nobabel' available
(tocbasic)             for `lof' on input line 6309.
\scr@dte@figure@maxnumwidth=\skip62
\c@figure=\count196
Package tocbasic Info: omitting babel extension for `lot'
(tocbasic)             because of feature `nobabel' available
(tocbasic)             for `lot' on input line 6325.
\scr@dte@table@maxnumwidth=\skip63
\c@table=\count197
Class scrartcl Info: Redefining `\numberline' on input line 6495.
\bibindent=\dimen140
) (C:\Users\yuri9\AppData\Local\Programs\MiKTeX\tex/latex/base\inputenc.sty
Package: inputenc 2021/02/14 v1.3d Input encoding file
\inpenc@prehook=\toks18
\inpenc@posthook=\toks19
) (C:\Users\yuri9\AppData\Local\Programs\MiKTeX\tex/latex/base\fontenc.sty
Package: fontenc 2021/04/29 v2.0v Standard LaTeX package
) (C:\Users\yuri9\AppData\Local\Programs\MiKTeX\tex/latex/graphics\graphicx.sty
Package: graphicx 2021/09/16 v1.2d Enhanced LaTeX Graphics (DPC,SPQR)
 (C:\Users\yuri9\AppData\Local\Programs\MiKTeX\tex/latex/graphics\graphics.sty
Package: graphics 2022/03/10 v1.4e Standard LaTeX Graphics (DPC,SPQR)
 (C:\Users\yuri9\AppData\Local\Programs\MiKTeX\tex/latex/graphics\trig.sty
Package: trig 2021/08/11 v1.11 sin cos tan (DPC)
) (C:\Users\yuri9\AppData\Local\Programs\MiKTeX\tex/latex/graphics-cfg\graphics.cfg
File: graphics.cfg 2016/06/04 v1.11 sample graphics configuration
)
Package graphics Info: Driver file: pdftex.def on input line 107.
 (C:\Users\yuri9\AppData\Local\Programs\MiKTeX\tex/latex/graphics-def\pdftex.def
File: pdftex.def 2024/04/13 v1.2c Graphics/color driver for pdftex
))
\Gin@req@height=\dimen141
\Gin@req@width=\dimen142
) (C:\Users\yuri9\AppData\Local\Programs\MiKTeX\tex/generic/babel\babel.sty
Package: babel 2024/04/20 v24.4 The Babel package
\babel@savecnt=\count198
\U@D=\dimen143
\l@unhyphenated=\language79
 (C:\Users\yuri9\AppData\Local\Programs\MiKTeX\tex/generic/babel\txtbabel.def)
\bbl@readstream=\read2
\bbl@dirlevel=\count199

*************************************
* Local config file bblopts.cfg used
*
(C:\Users\yuri9\AppData\Local\Programs\MiKTeX\tex/latex/arabi\bblopts.cfg
File: bblopts.cfg 2005/09/08 v0.1 add Arabic and Farsi to "declared" options of babel
) (C:\Users\yuri9\AppData\Local\Programs\MiKTeX\tex/latex/babel-german\ngerman.ldf
Language: ngerman 2024/01/19 v2.14 German support for babel (post-1996 orthography)
 (C:\Users\yuri9\AppData\Local\Programs\MiKTeX\tex/latex/babel-german\ngermanb.ldf
Language: ngermanb 2024/01/19 v2.14 German support for babel (post-1996 orthography)
Package babel Info: Making " an active character on input line 122.
))) (C:\Users\yuri9\AppData\Local\Programs\MiKTeX\tex/generic/babel/locale/de\babel-ngerman.tex
Package babel Info: Importing font and identification data for ngerman
(babel)             from babel-de.ini. Reported on input line 11.
) (C:\Users\yuri9\AppData\Local\Programs\MiKTeX\tex/latex/amsmath\amsmath.sty
Package: amsmath 2023/05/13 v2.17o AMS math features
\@mathmargin=\skip64

For additional information on amsmath, use the `?' option.
(C:\Users\yuri9\AppData\Local\Programs\MiKTeX\tex/latex/amsmath\amstext.sty
Package: amstext 2021/08/26 v2.01 AMS text
 (C:\Users\yuri9\AppData\Local\Programs\MiKTeX\tex/latex/amsmath\amsgen.sty
File: amsgen.sty 1999/11/30 v2.0 generic functions
\@emptytoks=\toks20
\ex@=\dimen144
)) (C:\Users\yuri9\AppData\Local\Programs\MiKTeX\tex/latex/amsmath\amsbsy.sty
Package: amsbsy 1999/11/29 v1.2d Bold Symbols
\pmbraise@=\dimen145
) (C:\Users\yuri9\AppData\Local\Programs\MiKTeX\tex/latex/amsmath\amsopn.sty
Package: amsopn 2022/04/08 v2.04 operator names
)
\inf@bad=\count266
LaTeX Info: Redefining \frac on input line 234.
\uproot@=\count267
\leftroot@=\count268
LaTeX Info: Redefining \overline on input line 399.
LaTeX Info: Redefining \colon on input line 410.
\classnum@=\count269
\DOTSCASE@=\count270
LaTeX Info: Redefining \ldots on input line 496.
LaTeX Info: Redefining \dots on input line 499.
LaTeX Info: Redefining \cdots on input line 620.
\Mathstrutbox@=\box53
\strutbox@=\box54
LaTeX Info: Redefining \big on input line 722.
LaTeX Info: Redefining \Big on input line 723.
LaTeX Info: Redefining \bigg on input line 724.
LaTeX Info: Redefining \Bigg on input line 725.
\big@size=\dimen146
LaTeX Font Info:    Redeclaring font encoding OML on input line 743.
LaTeX Font Info:    Redeclaring font encoding OMS on input line 744.
\macc@depth=\count271
LaTeX Info: Redefining \bmod on input line 905.
LaTeX Info: Redefining \pmod on input line 910.
LaTeX Info: Redefining \smash on input line 940.
LaTeX Info: Redefining \relbar on input line 970.
LaTeX Info: Redefining \Relbar on input line 971.
\c@MaxMatrixCols=\count272
\dotsspace@=\muskip16
\c@parentequation=\count273
\dspbrk@lvl=\count274
\tag@help=\toks21
\row@=\count275
\column@=\count276
\maxfields@=\count277
\andhelp@=\toks22
\eqnshift@=\dimen147
\alignsep@=\dimen148
\tagshift@=\dimen149
\tagwidth@=\dimen150
\totwidth@=\dimen151
\lineht@=\dimen152
\@envbody=\toks23
\multlinegap=\skip65
\multlinetaggap=\skip66
\mathdisplay@stack=\toks24
LaTeX Info: Redefining \[ on input line 2953.
LaTeX Info: Redefining \] on input line 2954.
) (C:\Users\yuri9\AppData\Local\Programs\MiKTeX\tex/latex/geometry\geometry.sty
Package: geometry 2020/01/02 v5.9 Page Geometry
 (C:\Users\yuri9\AppData\Local\Programs\MiKTeX\tex/generic/iftex\ifvtex.sty
Package: ifvtex 2019/10/25 v1.7 ifvtex legacy package. Use iftex instead.
 (C:\Users\yuri9\AppData\Local\Programs\MiKTeX\tex/generic/iftex\iftex.sty
Package: iftex 2022/02/03 v1.0f TeX engine tests
))
\Gm@cnth=\count278
\Gm@cntv=\count279
\c@Gm@tempcnt=\count280
\Gm@bindingoffset=\dimen153
\Gm@wd@mp=\dimen154
\Gm@odd@mp=\dimen155
\Gm@even@mp=\dimen156
\Gm@layoutwidth=\dimen157
\Gm@layoutheight=\dimen158
\Gm@layouthoffset=\dimen159
\Gm@layoutvoffset=\dimen160
\Gm@dimlist=\toks25
 (C:\Users\yuri9\AppData\Local\Programs\MiKTeX\tex/latex/geometry\geometry.cfg)) (C:\Users\yuri9\AppData\Local\Programs\MiKTeX\tex/latex/hyperref\hyperref.sty
Package: hyperref 2024-01-20 v7.01h Hypertext links for LaTeX
 (C:\Users\yuri9\AppData\Local\Programs\MiKTeX\tex/latex/kvsetkeys\kvsetkeys.sty
Package: kvsetkeys 2022-10-05 v1.19 Key value parser (HO)
) (C:\Users\yuri9\AppData\Local\Programs\MiKTeX\tex/generic/kvdefinekeys\kvdefinekeys.sty
Package: kvdefinekeys 2019-12-19 v1.6 Define keys (HO)
) (C:\Users\yuri9\AppData\Local\Programs\MiKTeX\tex/generic/pdfescape\pdfescape.sty
Package: pdfescape 2019/12/09 v1.15 Implements pdfTeX's escape features (HO)
 (C:\Users\yuri9\AppData\Local\Programs\MiKTeX\tex/generic/ltxcmds\ltxcmds.sty
Package: ltxcmds 2023-12-04 v1.26 LaTeX kernel commands for general use (HO)
) (C:\Users\yuri9\AppData\Local\Programs\MiKTeX\tex/generic/pdftexcmds\pdftexcmds.sty
Package: pdftexcmds 2020-06-27 v0.33 Utility functions of pdfTeX for LuaTeX (HO)
 (C:\Users\yuri9\AppData\Local\Programs\MiKTeX\tex/generic/infwarerr\infwarerr.sty
Package: infwarerr 2019/12/03 v1.5 Providing info/warning/error messages (HO)
)
Package pdftexcmds Info: \pdf@primitive is available.
Package pdftexcmds Info: \pdf@ifprimitive is available.
Package pdftexcmds Info: \pdfdraftmode found.
)) (C:\Users\yuri9\AppData\Local\Programs\MiKTeX\tex/latex/hycolor\hycolor.sty
Package: hycolor 2020-01-27 v1.10 Color options for hyperref/bookmark (HO)
) (C:\Users\yuri9\AppData\Local\Programs\MiKTeX\tex/latex/auxhook\auxhook.sty
Package: auxhook 2019-12-17 v1.6 Hooks for auxiliary files (HO)
) (C:\Users\yuri9\AppData\Local\Programs\MiKTeX\tex/latex/hyperref\nameref.sty
Package: nameref 2023-11-26 v2.56 Cross-referencing by name of section
 (C:\Users\yuri9\AppData\Local\Programs\MiKTeX\tex/latex/refcount\refcount.sty
Package: refcount 2019/12/15 v3.6 Data extraction from label references (HO)
) (C:\Users\yuri9\AppData\Local\Programs\MiKTeX\tex/generic/gettitlestring\gettitlestring.sty
Package: gettitlestring 2019/12/15 v1.6 Cleanup title references (HO)
 (C:\Users\yuri9\AppData\Local\Programs\MiKTeX\tex/latex/kvoptions\kvoptions.sty
Package: kvoptions 2022-06-15 v3.15 Key value format for package options (HO)
))
\c@section@level=\count281
) (C:\Users\yuri9\AppData\Local\Programs\MiKTeX\tex/latex/etoolbox\etoolbox.sty
Package: etoolbox 2020/10/05 v2.5k e-TeX tools for LaTeX (JAW)
\etb@tempcnta=\count282
)
\@linkdim=\dimen161
\Hy@linkcounter=\count283
\Hy@pagecounter=\count284
 (C:\Users\yuri9\AppData\Local\Programs\MiKTeX\tex/latex/hyperref\pd1enc.def
File: pd1enc.def 2024-01-20 v7.01h Hyperref: PDFDocEncoding definition (HO)
Now handling font encoding PD1 ...
... no UTF-8 mapping file for font encoding PD1
) (C:\Users\yuri9\AppData\Local\Programs\MiKTeX\tex/generic/intcalc\intcalc.sty
Package: intcalc 2019/12/15 v1.3 Expandable calculations with integers (HO)
)
\Hy@SavedSpaceFactor=\count285
 (C:\Users\yuri9\AppData\Local\Programs\MiKTeX\tex/latex/hyperref\puenc.def
File: puenc.def 2024-01-20 v7.01h Hyperref: PDF Unicode definition (HO)
Now handling font encoding PU ...
... no UTF-8 mapping file for font encoding PU
)
Package hyperref Info: Hyper figures OFF on input line 4179.
Package hyperref Info: Link nesting OFF on input line 4184.
Package hyperref Info: Hyper index ON on input line 4187.
Package hyperref Info: Plain pages OFF on input line 4194.
Package hyperref Info: Backreferencing OFF on input line 4199.
Package hyperref Info: Implicit mode ON; LaTeX internals redefined.
Package hyperref Info: Bookmarks ON on input line 4446.
\c@Hy@tempcnt=\count286
 (C:\Users\yuri9\AppData\Local\Programs\MiKTeX\tex/latex/url\url.sty
\Urlmuskip=\muskip17
Package: url 2013/09/16  ver 3.4  Verb mode for urls, etc.
)
LaTeX Info: Redefining \url on input line 4784.
\XeTeXLinkMargin=\dimen162
 (C:\Users\yuri9\AppData\Local\Programs\MiKTeX\tex/generic/bitset\bitset.sty
Package: bitset 2019/12/09 v1.3 Handle bit-vector datatype (HO)
 (C:\Users\yuri9\AppData\Local\Programs\MiKTeX\tex/generic/bigintcalc\bigintcalc.sty
Package: bigintcalc 2019/12/15 v1.5 Expandable calculations on big integers (HO)
))
\Fld@menulength=\count287
\Field@Width=\dimen163
\Fld@charsize=\dimen164
Package hyperref Info: Hyper figures OFF on input line 6063.
Package hyperref Info: Link nesting OFF on input line 6068.
Package hyperref Info: Hyper index ON on input line 6071.
Package hyperref Info: backreferencing OFF on input line 6078.
Package hyperref Info: Link coloring OFF on input line 6083.
Package hyperref Info: Link coloring with OCG OFF on input line 6088.
Package hyperref Info: PDF/A mode OFF on input line 6093.
 (C:\Users\yuri9\AppData\Local\Programs\MiKTeX\tex/latex/base\atbegshi-ltx.sty
Package: atbegshi-ltx 2021/01/10 v1.0c Emulation of the original atbegshi
package with kernel methods
)
\Hy@abspage=\count288
\c@Item=\count289
\c@Hfootnote=\count290
)
Package hyperref Info: Driver (autodetected): hpdftex.
 (C:\Users\yuri9\AppData\Local\Programs\MiKTeX\tex/latex/hyperref\hpdftex.def
File: hpdftex.def 2024-01-20 v7.01h Hyperref driver for pdfTeX
 (C:\Users\yuri9\AppData\Local\Programs\MiKTeX\tex/latex/base\atveryend-ltx.sty
Package: atveryend-ltx 2020/08/19 v1.0a Emulation of the original atveryend package
with kernel methods
)
\Fld@listcount=\count291
\c@bookmark@seq@number=\count292
 (C:\Users\yuri9\AppData\Local\Programs\MiKTeX\tex/latex/rerunfilecheck\rerunfilecheck.sty
Package: rerunfilecheck 2022-07-10 v1.10 Rerun checks for auxiliary files (HO)
 (C:\Users\yuri9\AppData\Local\Programs\MiKTeX\tex/generic/uniquecounter\uniquecounter.sty
Package: uniquecounter 2019/12/15 v1.4 Provide unlimited unique counter (HO)
)
Package uniquecounter Info: New unique counter `rerunfilecheck' on input line 285.
)
\Hy@SectionHShift=\skip67
) (C:\Users\yuri9\AppData\Local\Programs\MiKTeX\tex/latex/enumitem\enumitem.sty
Package: enumitem 2019/06/20 v3.9 Customized lists
\labelindent=\skip68
\enit@outerparindent=\dimen165
\enit@toks=\toks26
\enit@inbox=\box55
\enit@count@id=\count293
\enitdp@description=\count294
) (C:\Users\yuri9\AppData\Local\Programs\MiKTeX\tex/latex/amsfonts\amssymb.sty
Package: amssymb 2013/01/14 v3.01 AMS font symbols
 (C:\Users\yuri9\AppData\Local\Programs\MiKTeX\tex/latex/amsfonts\amsfonts.sty
Package: amsfonts 2013/01/14 v3.01 Basic AMSFonts support
\symAMSa=\mathgroup4
\symAMSb=\mathgroup5
LaTeX Font Info:    Redeclaring math symbol \hbar on input line 98.
LaTeX Font Info:    Overwriting math alphabet `\mathfrak' in version `bold'
(Font)                  U/euf/m/n --> U/euf/b/n on input line 106.
)) (C:\Users\yuri9\AppData\Local\Programs\MiKTeX\tex/latex/caption\subcaption.sty
Package: subcaption 2023/07/28 v1.6b Sub-captions (AR)
 (C:\Users\yuri9\AppData\Local\Programs\MiKTeX\tex/latex/caption\caption.sty
Package: caption 2023/08/05 v3.6o Customizing captions (AR)
 (C:\Users\yuri9\AppData\Local\Programs\MiKTeX\tex/latex/caption\caption3.sty
Package: caption3 2023/07/31 v2.4d caption3 kernel (AR)
\caption@tempdima=\dimen166
\captionmargin=\dimen167
\caption@leftmargin=\dimen168
\caption@rightmargin=\dimen169
\caption@width=\dimen170
\caption@indent=\dimen171
\caption@parindent=\dimen172
\caption@hangindent=\dimen173
Package caption Info: KOMA-Script document class detected.
 (C:\Users\yuri9\AppData\Local\Programs\MiKTeX\tex/latex/caption\caption-koma.sto
File: caption-koma.sto 2023/09/08 v2.0e Adaption of the caption package to the KOMA-Script document classes (AR)
))
\c@caption@flags=\count295
\c@continuedfloat=\count296
Package caption Info: hyperref package is loaded.
Package caption Info: KOMA-Script scrextend package detected.
\caption@addmargin@hsize=\dimen174
\caption@addmargin@linewidth=\dimen175
)
Package caption Info: New subtype `subfigure' on input line 238.
\c@subfigure=\count297
Package caption Info: New subtype `subtable' on input line 238.
\c@subtable=\count298
) (C:\Users\yuri9\AppData\Local\Programs\MiKTeX\tex/latex/cite\cite.sty
LaTeX Info: Redefining \cite on input line 302.
LaTeX Info: Redefining \nocite on input line 332.
Package: cite 2015/02/27  v 5.5
) (C:\Users\yuri9\AppData\Local\Programs\MiKTeX\tex/latex/l3backend\l3backend-pdftex.def
File: l3backend-pdftex.def 2024-04-11 L3 backend support: PDF output (pdfTeX)
\l__color_backend_stack_int=\count299
\l__pdf_internal_box=\box56
) (2020-wa-vorlage.aux (titleseite.aux))
\openout1 = `2020-wa-vorlage.aux'.

LaTeX Font Info:    Checking defaults for OML/cmm/m/it on input line 15.
LaTeX Font Info:    ... okay on input line 15.
LaTeX Font Info:    Checking defaults for OMS/cmsy/m/n on input line 15.
LaTeX Font Info:    ... okay on input line 15.
LaTeX Font Info:    Checking defaults for OT1/cmr/m/n on input line 15.
LaTeX Font Info:    ... okay on input line 15.
LaTeX Font Info:    Checking defaults for T1/cmr/m/n on input line 15.
LaTeX Font Info:    ... okay on input line 15.
LaTeX Font Info:    Checking defaults for TS1/cmr/m/n on input line 15.
LaTeX Font Info:    ... okay on input line 15.
LaTeX Font Info:    Checking defaults for OMX/cmex/m/n on input line 15.
LaTeX Font Info:    ... okay on input line 15.
LaTeX Font Info:    Checking defaults for U/cmr/m/n on input line 15.
LaTeX Font Info:    ... okay on input line 15.
LaTeX Font Info:    Checking defaults for PD1/pdf/m/n on input line 15.
LaTeX Font Info:    ... okay on input line 15.
LaTeX Font Info:    Checking defaults for PU/pdf/m/n on input line 15.
LaTeX Font Info:    ... okay on input line 15.
 (C:\Users\yuri9\AppData\Local\Programs\MiKTeX\tex/context/base/mkii\supp-pdf.mkii
[Loading MPS to PDF converter (version 2006.09.02).]
\scratchcounter=\count300
\scratchdimen=\dimen176
\scratchbox=\box57
\nofMPsegments=\count301
\nofMParguments=\count302
\everyMPshowfont=\toks27
\MPscratchCnt=\count303
\MPscratchDim=\dimen177
\MPnumerator=\count304
\makeMPintoPDFobject=\count305
\everyMPtoPDFconversion=\toks28
) (C:\Users\yuri9\AppData\Local\Programs\MiKTeX\tex/latex/epstopdf-pkg\epstopdf-base.sty
Package: epstopdf-base 2020-01-24 v2.11 Base part for package epstopdf
Package epstopdf-base Info: Redefining graphics rule for `.eps' on input line 485.
 (C:\Users\yuri9\AppData\Local\Programs\MiKTeX\tex/latex/00miktex\epstopdf-sys.cfg
File: epstopdf-sys.cfg 2021/03/18 v2.0 Configuration of epstopdf for MiKTeX
))
*geometry* driver: auto-detecting
*geometry* detected driver: pdftex
*geometry* verbose mode - [ preamble ] result:
* driver: pdftex
* paper: a4paper
* layout: <same size as paper>
* layoutoffset:(h,v)=(0.0pt,0.0pt)
* modes: 
* h-part:(L,W,R)=(71.13188pt, 426.79135pt, 99.58464pt)
* v-part:(T,H,B)=(71.13188pt, 688.5567pt, 85.35826pt)
* \paperwidth=597.50787pt
* \paperheight=845.04684pt
* \textwidth=426.79135pt
* \textheight=688.5567pt
* \oddsidemargin=-1.1381pt
* \evensidemargin=-1.1381pt
* \topmargin=-41.0131pt
* \headheight=18.125pt
* \headsep=21.75pt
* \topskip=12.0pt
* \footskip=50.75pt
* \marginparwidth=49.79233pt
* \marginparsep=12.8401pt
* \columnsep=10.0pt
* \skip\footins=10.8pt plus 4.0pt minus 2.0pt
* \hoffset=0.0pt
* \voffset=0.0pt
* \mag=1000
* \@twocolumnfalse
* \@twosidefalse
* \@mparswitchfalse
* \@reversemarginfalse
* (1in=72.27pt=25.4mm, 1cm=28.453pt)

Package hyperref Info: Link coloring OFF on input line 15.
(2020-wa-vorlage.out) (2020-wa-vorlage.out)
\@outlinefile=\write3
\openout3 = `2020-wa-vorlage.out'.

Class scrartcl Info: loading recommended package `bookmark'.
(scrartcl)           Using `bookmark' together with `hyperref' is recommended,
(scrartcl)           because of handling of possible bookmark level gaps.
(scrartcl)           You can avoid loading `bookmark' with KOMA-Script option
(scrartcl)           `bookmarkpackage=false' before \begin{document} and
(scrartcl)           you can avoid this message adding:
(scrartcl)             \usepackage{bookmark}
(scrartcl)           before \begin{document} on input line 15.
 (C:\Users\yuri9\AppData\Local\Programs\MiKTeX\tex/latex/bookmark\bookmark.sty
Package: bookmark 2023-12-10 v1.31 PDF bookmarks (HO)
 (C:\Users\yuri9\AppData\Local\Programs\MiKTeX\tex/latex/bookmark\bkm-pdftex.def
File: bkm-pdftex.def 2023-12-10 v1.31 bookmark driver for pdfTeX and luaTeX (HO)
\BKM@id=\count306
))
Package caption Info: Begin \AtBeginDocument code.
Package caption Info: End \AtBeginDocument code.
\openout2 = `titleseite.aux'.

 (titleseite.tex

pdfTeX warning: pdflatex (file ./graphics/htw_logo.pdf): PDF inclusion: found PDF version <1.6>, but at most version <1.5> allowed
<graphics/htw_logo.pdf, id=3, 514.00632pt x 60.37155pt>
File: graphics/htw_logo.pdf Graphic file (type pdf)
<use graphics/htw_logo.pdf>
Package pdftex.def Info: graphics/htw_logo.pdf  used on input line 5.
(pdftex.def)             Requested size: 426.79135pt x 50.1277pt.

Overfull \hbox (11.74713pt too wide) in paragraph at lines 5--6
[][] 
 []

[1


{C:/Users/yuri9/AppData/Local/MiKTeX/fonts/map/pdftex/pdftex.map} <./graphics/htw_logo.pdf>])
LaTeX Font Info:    Trying to load font information for T1+cmss on input line 27.
 (C:\Users\yuri9\AppData\Local\Programs\MiKTeX\tex/latex/base\t1cmss.fd
File: t1cmss.fd 2023/04/13 v2.5m Standard LaTeX font definitions
) [2


]
<graphics/Unterschrift/WhatsApp_Image_2024-08-22_at_17.04.18-removebg-preview.png, id=29, 1085.05376pt x 231.86626pt>
File: graphics/Unterschrift/WhatsApp_Image_2024-08-22_at_17.04.18-removebg-preview.png Graphic file (type png)
<use graphics/Unterschrift/WhatsApp_Image_2024-08-22_at_17.04.18-removebg-preview.png>
Package pdftex.def Info: graphics/Unterschrift/WhatsApp_Image_2024-08-22_at_17.04.18-removebg-preview.png  used on input line 53.
(pdftex.def)             Requested size: 217.0069pt x 46.37242pt.
 [3 <./graphics/Unterschrift/WhatsApp_Image_2024-08-22_at_17.04.18-removebg-preview.png>] (2020-wa-vorlage.toc
LaTeX Font Info:    Trying to load font information for U+msa on input line 5.
 (C:\Users\yuri9\AppData\Local\Programs\MiKTeX\tex/latex/amsfonts\umsa.fd
File: umsa.fd 2013/01/14 v3.01 AMS symbols A
)
LaTeX Font Info:    Trying to load font information for U+msb on input line 5.
 (C:\Users\yuri9\AppData\Local\Programs\MiKTeX\tex/latex/amsfonts\umsb.fd
File: umsb.fd 2013/01/14 v3.01 AMS symbols B
))
\tf@toc=\write4
\openout4 = `2020-wa-vorlage.toc'.

 [4

]
<graphics/Pic/day 2/220px-Blue_Screen_of_Death.png, id=95, 105.996pt x 62.634pt>
File: graphics/Pic/day 2/220px-Blue_Screen_of_Death.png Graphic file (type png)
<use graphics/Pic/day 2/220px-Blue_Screen_of_Death.png>
Package pdftex.def Info: graphics/Pic/day 2/220px-Blue_Screen_of_Death.png  used on input line 78.
(pdftex.def)             Requested size: 128.0387pt x 75.66693pt.

Underfull \hbox (badness 10000) in paragraph at lines 79--79
[][]|\T1/cmr/m/n/12 Blue-S-cree-
 []

<graphics/Pic/day 2/220px-Red_Screen_of_Death.png, id=96, 220.825pt x 127.47626pt>
File: graphics/Pic/day 2/220px-Red_Screen_of_Death.png Graphic file (type png)
<use graphics/Pic/day 2/220px-Red_Screen_of_Death.png>
Package pdftex.def Info: graphics/Pic/day 2/220px-Red_Screen_of_Death.png  used on input line 85.
(pdftex.def)             Requested size: 128.0387pt x 73.91682pt.
<graphics/Pic/day 2/220px-Windows_XP_BSOD.png, id=97, 220.825pt x 165.61874pt>
File: graphics/Pic/day 2/220px-Windows_XP_BSOD.png Graphic file (type png)
<use graphics/Pic/day 2/220px-Windows_XP_BSOD.png>
Package pdftex.def Info: graphics/Pic/day 2/220px-Windows_XP_BSOD.png  used on input line 92.
(pdftex.def)             Requested size: 128.0387pt x 96.03366pt.

Underfull \hbox (badness 10000) in paragraph at lines 93--93
[][]|\T1/cmr/m/n/12 Win-dows
 []

<graphics/Pic/day 2/Windows11BSOD.jpg, id=98, 220.825pt x 124.465pt>
File: graphics/Pic/day 2/Windows11BSOD.jpg Graphic file (type jpg)
<use graphics/Pic/day 2/Windows11BSOD.jpg>
Package pdftex.def Info: graphics/Pic/day 2/Windows11BSOD.jpg  used on input line 99.
(pdftex.def)             Requested size: 128.0387pt x 72.17075pt.

Underfull \hbox (badness 10000) in paragraph at lines 100--100
[][]|\T1/cmr/m/n/12 Win-
 []


Underfull \hbox (badness 10000) in paragraph at lines 100--100
\T1/cmr/m/n/12 dows11
 []

[1

 <./graphics/Pic/day 2/220px-Blue_Screen_of_Death.png> <./graphics/Pic/day 2/220px-Red_Screen_of_Death.png> <./graphics/Pic/day 2/220px-Windows_XP_BSOD.png> <./graphics/Pic/day 2/Windows11BSOD.jpg>]
<graphics/Pic/029-bsod_Windows_2000.png, id=109, 642.4pt x 481.8pt>
File: graphics/Pic/029-bsod_Windows_2000.png Graphic file (type png)
<use graphics/Pic/029-bsod_Windows_2000.png>
Package pdftex.def Info: graphics/Pic/029-bsod_Windows_2000.png  used on input line 120.
(pdftex.def)             Requested size: 170.71393pt x 128.03662pt.
<graphics/Pic/Windows_3.1_BSoD_(fixed).png, id=110, 542.025pt x 301.125pt>
File: graphics/Pic/Windows_3.1_BSoD_(fixed).png Graphic file (type png)
<use graphics/Pic/Windows_3.1_BSoD_(fixed).png>
Package pdftex.def Info: graphics/Pic/Windows_3.1_BSoD_(fixed).png  used on input line 127.
(pdftex.def)             Requested size: 170.71393pt x 94.84108pt.
<graphics/Pic/Windows_9X_BSOD.png, id=111, 642.4pt x 401.5pt>
File: graphics/Pic/Windows_9X_BSOD.png Graphic file (type png)
<use graphics/Pic/Windows_9X_BSOD.png>
Package pdftex.def Info: graphics/Pic/Windows_9X_BSOD.png  used on input line 134.
(pdftex.def)             Requested size: 170.71393pt x 106.69717pt.
<graphics/Pic/Windows_NT_3.51_BSOD_ita.png, id=112, 542.025pt x 301.125pt>
File: graphics/Pic/Windows_NT_3.51_BSOD_ita.png Graphic file (type png)
<use graphics/Pic/Windows_NT_3.51_BSOD_ita.png>
Package pdftex.def Info: graphics/Pic/Windows_NT_3.51_BSOD_ita.png  used on input line 141.
(pdftex.def)             Requested size: 170.71393pt x 94.84108pt.

Underfull \hbox (badness 10000) in paragraph at lines 142--142
[][]|\T1/cmr/m/n/12 Win-dows
 []

[2 <./graphics/Pic/029-bsod_Windows_2000.png> <./graphics/Pic/Windows_3.1_BSoD_(fixed).png> <./graphics/Pic/Windows_9X_BSOD.png> <./graphics/Pic/Windows_NT_3.51_BSOD_ita.png>]
LaTeX Font Info:    Trying to load font information for T1+cmtt on input line 161.
 (C:\Users\yuri9\AppData\Local\Programs\MiKTeX\tex/latex/base\t1cmtt.fd
File: t1cmtt.fd 2023/04/13 v2.5m Standard LaTeX font definitions
)
Overfull \hbox (0.96756pt too wide) in paragraph at lines 176--177
[]\T1/cmr/bx/n/12 Ereignisprotokolle über-prü-fen: \T1/cmr/m/n/12 Das Windows-Ereignisprotokoll ent-hält de-
 []

[3] [4] [5] [6] [7] [8] [9]
Underfull \hbox (badness 10000) in paragraph at lines 316--316
[]\T1/cmr/m/n/12 Hardwarefehler,
 []


Underfull \hbox (badness 10000) in paragraph at lines 316--316
[]\T1/cmr/m/n/12 Neustart, Trei-be-
 []


Underfull \hbox (badness 10000) in paragraph at lines 317--317
[]\T1/cmr/m/n/12 Systemabsturz,
 []


Underfull \hbox (badness 10000) in paragraph at lines 317--317
\T1/cmr/m/n/12 BIOS-
 []


Underfull \hbox (badness 10000) in paragraph at lines 317--317
\T1/cmr/m/n/12 Sys-tem-wie-der-her-
 []


Underfull \hbox (badness 1668) in paragraph at lines 319--319
[]\T1/cmr/m/n/12 Fehler im Ker-nel,
 []


Underfull \hbox (badness 10000) in paragraph at lines 319--319
[]\T1/cmr/m/n/12 Systemneustart,
 []


Overfull \hbox (24.2503pt too wide) in paragraph at lines 313--322
 [][] 
 []


Overfull \hbox (3.86089pt too wide) in paragraph at lines 331--331
[]\T1/cmr/bx/n/12 Durchschnittliche
 []


Underfull \hbox (badness 10000) in paragraph at lines 331--331
\T1/cmr/bx/n/12 Wie-der-her-stel-
 []


Underfull \hbox (badness 5954) in paragraph at lines 331--331
[]\T1/cmr/bx/n/12 Maximale Wie-
 []


Underfull \hbox (badness 10000) in paragraph at lines 331--331
\T1/cmr/bx/n/12 der-her-stel-lungs-
 []


Underfull \hbox (badness 10000) in paragraph at lines 332--332
[]\T1/cmr/m/n/12 Blue Screen
 []


Underfull \hbox (badness 2073) in paragraph at lines 333--333
[]\T1/cmr/m/n/12 Black Screen
 []

[10]
<graphics/Charts/New_Charts/plot1.png, id=206, 803.0pt x 602.25pt>
File: graphics/Charts/New_Charts/plot1.png Graphic file (type png)
<use graphics/Charts/New_Charts/plot1.png>
Package pdftex.def Info: graphics/Charts/New_Charts/plot1.png  used on input line 348.
(pdftex.def)             Requested size: 170.71393pt x 128.02927pt.
<graphics/Charts/New_Charts/plot2.png, id=208, 803.0pt x 602.25pt>
File: graphics/Charts/New_Charts/plot2.png Graphic file (type png)
<use graphics/Charts/New_Charts/plot2.png>
Package pdftex.def Info: graphics/Charts/New_Charts/plot2.png  used on input line 355.
(pdftex.def)             Requested size: 170.71393pt x 128.02927pt.

Underfull \hbox (badness 10000) in paragraph at lines 356--356
\T1/cmr/m/n/12 month in most
 []


Underfull \hbox (badness 10000) in paragraph at lines 356--356
\T1/cmr/m/n/12 com-mon com-pu-
 []

<graphics/Charts/New_Charts/plot3.png, id=210, 803.0pt x 602.25pt>
File: graphics/Charts/New_Charts/plot3.png Graphic file (type png)
<use graphics/Charts/New_Charts/plot3.png>
Package pdftex.def Info: graphics/Charts/New_Charts/plot3.png  used on input line 362.
(pdftex.def)             Requested size: 170.71393pt x 128.02927pt.

Underfull \hbox (badness 4913) in paragraph at lines 363--363
\T1/cmr/m/n/12 month for most
 []


Underfull \hbox (badness 10000) in paragraph at lines 363--363
\T1/cmr/m/n/12 com-mon BSOD
 []

[11 <./graphics/Charts/New_Charts/plot1.png> <./graphics/Charts/New_Charts/plot2.png> <./graphics/Charts/New_Charts/plot3.png>] [12] [13] (2020-wa-vorlage.bbl
Underfull \hbox (badness 1721) in paragraph at lines 4--9
[]\T1/cmr/m/n/12 Avast Aca-de-my.  So be-he-ben sie den blue-s-creen of death (bsod)
 []


Underfull \hbox (badness 10000) in paragraph at lines 4--9
\T1/cmr/m/n/12 un-ter win-dows 10 und 11.  []$\T1/cmtt/m/n/12 https : / / www . avast . com / de-[]de /
 []


Underfull \hbox (badness 2343) in paragraph at lines 21--26
[]\T1/cmr/m/n/12 Malwarebytes.  What is bsod.  []$\T1/cmtt/m/n/12 https : / / www . malwarebytes . com /
 []


Underfull \hbox (badness 1824) in paragraph at lines 21--26
\T1/cmtt/m/n/12 cybersecurity / computer / blue-[]screen-[]of-[]death$[]\T1/cmr/m/n/12 .  Ac-ces-sed: 12.Ju-
 []


Underfull \hbox (badness 10000) in paragraph at lines 28--34
\T1/cmr/m/n/12 ti-ve ai ser-vices.  []$\T1/cmtt/m/n/12 https : / / mosaicdatascience . com / 2017 / 11 / 30 /
 []


Underfull \hbox (badness 10000) in paragraph at lines 28--34
\T1/cmtt/m/n/12 diagnosing-[]windows-[]10-[]crashes-[]predictive-[]ai-[]services/$[]\T1/cmr/m/n/12 , 2017.
 []


Underfull \hbox (badness 10000) in paragraph at lines 47--52
[]\T1/cmr/m/n/12 Microsoft Sup-port.  Re-sol-ving blue screen er-rors in win-
 []


Underfull \hbox (badness 10000) in paragraph at lines 47--52
\T1/cmr/m/n/12 dows.  []$\T1/cmtt/m/n/12 https : / / support . microsoft . com / en-[]us / windows /
 []


Overfull \hbox (97.6428pt too wide) in paragraph at lines 47--52
\T1/cmtt/m/n/12 resolving-[]blue-[]screen-[]errors-[]in-[]windows-[]60b01860-[]58f2-[]be66-[]7516-[]5c45a66ae3c6$[]\T1/cmr/m/n/12 .
 []


Underfull \hbox (badness 10000) in paragraph at lines 54--59
[]\T1/cmr/m/n/12 Microsoft Sup-port.  Täg-lich 5 ver-schie-de-ne blue-s-
 []


Underfull \hbox (badness 10000) in paragraph at lines 54--59
\T1/cmr/m/n/12 creen.  []$\T1/cmtt/m/n/12 https : / / answers . microsoft . com / de-[]de / windows /
 []


Underfull \hbox (badness 10000) in paragraph at lines 54--59
\T1/cmtt/m/n/12 forum / all / t % C3 % A4glich-[]5-[]verschiedene-[]bluescreen /
 []


Underfull \hbox (badness 3884) in paragraph at lines 61--68
\T1/cmr/m/n/12 in win-dows 11.  []$\T1/cmtt/m/n/12 https : / / www . theverge . com / 2021 / 7 / 1 / 22559852 /
 []


Underfull \hbox (badness 10000) in paragraph at lines 61--68
\T1/cmtt/m/n/12 microsoft-[]windows-[]11-[]black-[]blue-[]screen-[]of-[]death-[]bsod-[]change$[]\T1/cmr/m/n/12 ,
 []


Underfull \hbox (badness 1552) in paragraph at lines 70--74
[]\T1/cmr/m/n/12 Bluescreen (Win-dows) wi-ki.  Blue-s-creen (win-dows).  []$\T1/cmtt/m/n/12 https : / / de .
 []


Underfull \hbox (badness 10000) in paragraph at lines 82--89
[]\T1/cmr/m/n/12 Windows In-si-der Blog.  Re-lea-sing win-dows 11 build
 []


Underfull \hbox (badness 10000) in paragraph at lines 82--89
\T1/cmr/m/n/12 22000.346 to be-ta and re-lea-se pre-view chan-nels.  []$\T1/cmtt/m/n/12 https :
 []


Underfull \hbox (badness 10000) in paragraph at lines 82--89
\T1/cmtt/m/n/12 / / blogs . windows . com / windows-[]insider / 2021 / 11 / 12 /
 []


Overfull \hbox (85.79582pt too wide) in paragraph at lines 82--89
\T1/cmtt/m/n/12 releasing-[]windows-[]11-[]build-[]22000-[]346-[]to-[]beta-[]and-[]release-[]preview-[]channels/$[]\T1/cmr/m/n/12 ,
 []

) [14

] [15

] (2020-wa-vorlage.aux (titleseite.aux))
 ***********
LaTeX2e <2023-11-01> patch level 1
L3 programming layer <2024-04-11>
 ***********
Package rerunfilecheck Info: File `2020-wa-vorlage.out' has not changed.
(rerunfilecheck)             Checksum: D41D8CD98F00B204E9800998ECF8427E;0.
 ) 
Here is how much of TeX's memory you used:
 16730 strings out of 474370
 298693 string characters out of 5740535
 1939754 words of memory out of 5000000
 38840 multiletter control sequences out of 15000+600000
 571748 words of font info for 67 fonts, out of 8000000 for 9000
 1141 hyphenation exceptions out of 8191
 108i,10n,107p,11001b,656s stack positions out of 10000i,1000n,20000p,200000b,200000s
 <C:\Users\yuri9\AppData\Local\MiKTeX\fonts/pk/ljfour/jknappen/ec/dpi600\ecsx2488.pk> <C:\Users\yuri9\AppData\Local\MiKTeX\fonts/pk/ljfour/jknappen/ec/dpi600\ecti1200.pk> <C:\Users\yuri9\AppData\Local\MiKTeX\fonts/pk/ljfour/jknappen/ec/dpi600\ectt1200.pk> <C:\Users\yuri9\AppData\Local\MiKTeX\fonts/pk/ljfour/jknappen/ec/dpi600\ecbx1200.pk> <C:\Users\yuri9\AppData\Local\MiKTeX\fonts/pk/ljfour/jknappen/ec/dpi600\tcrm1200.pk> <C:\Users\yuri9\AppData\Local\MiKTeX\fonts/pk/ljfour/jknappen/ec/dpi600\ecsx1440.pk> <C:\Users\yuri9\AppData\Local\MiKTeX\fonts/pk/ljfour/jknappen/ec/dpi600\ecsx1200.pk> <C:\Users\yuri9\AppData\Local\MiKTeX\fonts/pk/ljfour/jknappen/ec/dpi600\ecrm1200.pk> <C:\Users\yuri9\AppData\Local\MiKTeX\fonts/pk/ljfour/jknappen/ec/dpi600\ecsx1728.pk> <C:\Users\yuri9\AppData\Local\MiKTeX\fonts/pk/ljfour/jknappen/ec/dpi600\ecrm1728.pk> <C:\Users\yuri9\AppData\Local\MiKTeX\fonts/pk/ljfour/jknappen/ec/dpi600\ecbx1728.pk>
Output written on 2020-wa-vorlage.pdf (19 pages, 398156 bytes).
PDF statistics:
 820 PDF objects out of 1000 (max. 8388607)
 74 named destinations out of 1000 (max. 500000)
 264 words of extra memory for PDF output out of 10000 (max. 10000000)

