\BOOKMARK [1][-]{section*.2}{\376\377\000R\000e\000v\000i\000e\000w\000\040\0001}{}% 1
\BOOKMARK [1][-]{section*.3}{\376\377\000E\000i\000n\000l\000e\000i\000t\000u\000n\000g}{}% 2
\BOOKMARK [1][-]{section*.4}{\376\377\000H\000i\000n\000t\000e\000r\000g\000r\000u\000n\000d}{}% 3
\BOOKMARK [1][-]{section*.5}{\376\377\000M\000e\000t\000h\000o\000d\000e}{}% 4
\BOOKMARK [2][-]{section*.6}{\376\377\000A\000r\000t\000e\000n\000\040\000v\000o\000n\000\040\000B\000S\000O\000D\000s}{section*.5}% 5
\BOOKMARK [2][-]{section*.7}{\376\377\000U\000r\000s\000a\000c\000h\000e\000n\000a\000n\000a\000l\000y\000s\000e}{section*.5}% 6
\BOOKMARK [2][-]{section*.8}{\376\377\000H\000\344\000u\000f\000i\000g\000s\000t\000e\000\040\000U\000r\000s\000a\000c\000h\000e\000n\000\040\000f\000\374\000r\000\040\000B\000S\000O\000D}{section*.5}% 7
\BOOKMARK [2][-]{section*.9}{\376\377\000V\000e\000r\000w\000a\000l\000t\000u\000n\000g\000\040\000d\000e\000s\000\040\000B\000S\000O\000D\000\040\000i\000n\000\040\000W\000i\000n\000d\000o\000w\000s}{section*.5}% 8
\BOOKMARK [1][-]{section*.10}{\376\377\000E\000v\000a\000l\000u\000a\000t\000i\000o\000n}{}% 9
\BOOKMARK [2][-]{section*.11}{\376\377\000V\000e\000r\000g\000l\000e\000i\000c\000h\000\040\000d\000e\000s\000\040\000L\000\366\000s\000u\000n\000g\000s\000a\000n\000s\000a\000t\000z\000e\000s\000\040\000m\000i\000t\000\040\000a\000n\000d\000e\000r\000e\000n\000\040\000b\000e\000s\000t\000e\000h\000e\000n\000d\000e\000n\000\040\000A\000n\000s\000\344\000t\000z\000e\000n}{section*.10}% 10
\BOOKMARK [2][-]{section*.12}{\376\377\000D\000i\000s\000k\000u\000s\000s\000i\000o\000n\000\040\000d\000e\000r\000\040\000V\000o\000r\000-\000\040\000u\000n\000d\000\040\000N\000a\000c\000h\000t\000e\000i\000l\000e\000\040\000d\000e\000r\000\040\000v\000e\000r\000s\000c\000h\000i\000e\000d\000e\000n\000e\000n\000\040\000M\000e\000t\000h\000o\000d\000e\000n}{section*.10}% 11
\BOOKMARK [2][-]{section*.13}{\376\377\000W\000i\000e\000\040\000b\000e\000h\000e\000b\000t\000\040\000m\000a\000n\000\040\000e\000i\000n\000e\000n\000\040\000B\000l\000u\000e\000\040\000S\000c\000r\000e\000e\000n\000\040\000o\000f\000\040\000D\000e\000a\000t\000h\000?}{section*.10}% 12
\BOOKMARK [1][-]{section*.14}{\376\377\000F\000e\000h\000l\000e\000r\000m\000e\000l\000d\000u\000n\000g\000e\000n\000\040\000i\000n\000\040\000a\000n\000d\000e\000r\000e\000n\000\040\000F\000a\000r\000b\000e\000n}{}% 13
\BOOKMARK [2][-]{section*.15}{\376\377\000W\000i\000n\000d\000o\000w\000s\000\040\0001\0001\000\040\000B\000l\000a\000c\000k\000\040\000S\000c\000r\000e\000e\000n\000\040\000o\000f\000\040\000D\000e\000a\000t\000h}{section*.14}% 14
\BOOKMARK [2][-]{section*.16}{\376\377\000M\000S\000-\000D\000O\000S\000\040\0006\000\040\000B\000l\000a\000c\000k\000\040\000S\000c\000r\000e\000e\000n\000\040\000o\000f\000\040\000D\000e\000a\000t\000h}{section*.14}% 15
\BOOKMARK [2][-]{section*.17}{\376\377\000W\000i\000n\000d\000o\000w\000s\000\040\0003\000.\0001\000\040\000B\000l\000a\000c\000k\000\040\000S\000c\000r\000e\000e\000n\000\040\000o\000f\000\040\000D\000e\000a\000t\000h}{section*.14}% 16
\BOOKMARK [2][-]{section*.18}{\376\377\000X\000b\000o\000x\000\040\0003\0006\0000\000\040\000B\000l\000a\000c\000k\000\040\000S\000c\000r\000e\000e\000n\000\040\000o\000f\000\040\000D\000e\000a\000t\000h}{section*.14}% 17
\BOOKMARK [2][-]{section*.19}{\376\377\000O\000S\000/\0002\000\040\000B\000l\000a\000c\000k\000\040\000S\000c\000r\000e\000e\000n\000\040\000o\000f\000\040\000D\000e\000a\000t\000h}{section*.14}% 18
\BOOKMARK [3][-]{section*.20}{\376\377\000T\000R\000A\000P\000\040\000S\000c\000r\000e\000e\000n}{section*.19}% 19
\BOOKMARK [3][-]{section*.21}{\376\377\000H\000a\000r\000d\000\040\000E\000r\000r\000o\000r\000\040\000S\000c\000r\000e\000e\000n}{section*.19}% 20
\BOOKMARK [2][-]{section*.22}{\376\377\000R\000e\000d\000\040\000S\000c\000r\000e\000e\000n\000\040\000o\000f\000\040\000D\000e\000a\000t\000h}{section*.14}% 21
\BOOKMARK [2][-]{section*.23}{\376\377\000A\000n\000d\000e\000r\000e\000\040\000V\000e\000r\000w\000e\000n\000d\000u\000n\000g\000e\000n}{section*.14}% 22
\BOOKMARK [1][-]{section*.24}{\376\377\000F\000a\000z\000i\000t}{}% 23
\BOOKMARK [1][-]{section*.25}{\376\377\000L\000i\000t\000e\000r\000a\000t\000u\000r\000v\000e\000r\000z\000e\000i\000c\000h\000n\000i\000s}{}% 24
\BOOKMARK [1][-]{section*.26}{\376\377\000Q\000u\000e\000l\000l\000e\000n}{}% 25
